<?xml version="1.0" encoding="UTF-8"?>
<!-- Generated by org.testng.reporters.JUnitReportReporter -->
<testsuite hostname="J68T5Z1" name="com.telematics.tests.AccountRemindersVerificationTest" tests="7" failures="0" timestamp="16 Dec 2016 11:18:35 GMT" time="103.920" errors="0">
  <testcase name="verifyFilterFunctionalityForAccountReminders" time="5.519" classname="com.telematics.tests.AccountRemindersVerificationTest"/>
  <testcase name="verifyFilterFunctionalityForAccountReminders" time="5.853" classname="com.telematics.tests.AccountRemindersVerificationTest"/>
  <testcase name="verifyFilterFunctionalityForAccountReminders" time="5.820" classname="com.telematics.tests.AccountRemindersVerificationTest"/>
  <testcase name="verifyFilterFunctionalityForAccountReminders" time="20.784" classname="com.telematics.tests.AccountRemindersVerificationTest"/>
  <testcase name="launchBrowserAndLoginToTelematics" time="25.471" classname="com.telematics.tests.AccountRemindersVerificationTest"/>
  <testcase name="verifyListOfAccountRemindersOnPanel" time="8.137" classname="com.telematics.tests.AccountRemindersVerificationTest"/>
  <testcase name="verifyEditAndDeleteFunctionalityForAccountReminders" time="32.336" classname="com.telematics.tests.AccountRemindersVerificationTest"/>
</testsuite> <!-- com.telematics.tests.AccountRemindersVerificationTest -->
