<?xml version="1.0" encoding="UTF-8"?>
<!-- Generated by org.testng.reporters.JUnitReportReporter -->
<testsuite hostname="J68T5Z1" name="com.telematics.webclient.tests.WebclientAssetsFilterTest" tests="22" failures="0" timestamp="10 Mar 2017 11:25:11 GMT" time="435.081" errors="0">
  <testcase name="verifyAssetFilterUsingAssetDriverIMEIValues" time="22.150" classname="com.telematics.webclient.tests.WebclientAssetsFilterTest"/>
  <testcase name="verifyAssetFilterUsingAssetDriverIMEIValues" time="21.512" classname="com.telematics.webclient.tests.WebclientAssetsFilterTest"/>
  <testcase name="verifyPreferencesOptions" time="16.522" classname="com.telematics.webclient.tests.WebclientAssetsFilterTest"/>
  <testcase name="verifyPreferencesOptions" time="15.611" classname="com.telematics.webclient.tests.WebclientAssetsFilterTest"/>
  <testcase name="verifyPreferencesOptions" time="15.788" classname="com.telematics.webclient.tests.WebclientAssetsFilterTest"/>
  <testcase name="verifyAssetFilterUsingAssetDriverIMEIValues" time="23.686" classname="com.telematics.webclient.tests.WebclientAssetsFilterTest"/>
  <testcase name="verifyAssetFilterUsingAssetDriverIMEIValues" time="19.029" classname="com.telematics.webclient.tests.WebclientAssetsFilterTest"/>
  <testcase name="verifyPreferencesOptions" time="1.216" classname="com.telematics.webclient.tests.WebclientAssetsFilterTest"/>
  <testcase name="verifyAssetFilterUsingAssetDriverIMEIValues" time="22.137" classname="com.telematics.webclient.tests.WebclientAssetsFilterTest"/>
  <testcase name="verifyPreferencesOptions" time="1.213" classname="com.telematics.webclient.tests.WebclientAssetsFilterTest"/>
  <testcase name="verifyPreferencesOptions" time="1.196" classname="com.telematics.webclient.tests.WebclientAssetsFilterTest"/>
  <testcase name="verifyGroupFilterIsWorkingFineForIndividualSelectDeselect" time="125.111" classname="com.telematics.webclient.tests.WebclientAssetsFilterTest"/>
  <testcase name="verifyPreferencesOptions" time="1.281" classname="com.telematics.webclient.tests.WebclientAssetsFilterTest"/>
  <testcase name="verifyPreferencesOptions" time="1.264" classname="com.telematics.webclient.tests.WebclientAssetsFilterTest"/>
  <testcase name="verifyAssetFilterUsingAssetDriverIMEIValues" time="21.619" classname="com.telematics.webclient.tests.WebclientAssetsFilterTest"/>
  <testcase name="launchBrowserAndLoginToTelematics" time="43.116" classname="com.telematics.webclient.tests.WebclientAssetsFilterTest"/>
  <testcase name="verifyAssetFilterUsingAssetDriverIMEIValues" time="22.098" classname="com.telematics.webclient.tests.WebclientAssetsFilterTest"/>
  <testcase name="verifyAssetFilterUsingAssetDriverIMEIValues" time="6.300" classname="com.telematics.webclient.tests.WebclientAssetsFilterTest"/>
  <testcase name="verifyPreferencesOptions" time="16.371" classname="com.telematics.webclient.tests.WebclientAssetsFilterTest"/>
  <testcase name="verifyPreferencesOptions" time="1.270" classname="com.telematics.webclient.tests.WebclientAssetsFilterTest"/>
  <testcase name="verifyPreferencesOptions" time="16.689" classname="com.telematics.webclient.tests.WebclientAssetsFilterTest"/>
  <testcase name="verifyPreferencesOptions" time="19.902" classname="com.telematics.webclient.tests.WebclientAssetsFilterTest"/>
</testsuite> <!-- com.telematics.webclient.tests.WebclientAssetsFilterTest -->
