<?xml version="1.0" encoding="UTF-8"?>
<!-- Generated by org.testng.reporters.JUnitReportReporter -->
<testsuite hostname="J68T5Z1" name="com.telematics.reports.TelematicsReportsVerificationTest" tests="2" failures="0" timestamp="18 Apr 2017 06:27:15 GMT" time="197.647" errors="0">
  <testcase name="launchBrowserAndLoginToTelematics" time="16.566" classname="com.telematics.reports.TelematicsReportsVerificationTest"/>
  <testcase name="verifyDriverDailySummary" time="181.081" classname="com.telematics.reports.TelematicsReportsVerificationTest"/>
</testsuite> <!-- com.telematics.reports.TelematicsReportsVerificationTest -->
