<?xml version="1.0" encoding="UTF-8"?>
<!-- Generated by org.testng.reporters.JUnitReportReporter -->
<testsuite hostname="J68T5Z1" name="com.telematics.webclient.tests.WebclientAssetDetailsVerificationTest" tests="1" failures="0" timestamp="1 Mar 2017 07:15:50 GMT" time="27.314" errors="0">
  <testcase name="launchBrowserAndLoginToTelematics" time="27.314" classname="com.telematics.webclient.tests.WebclientAssetDetailsVerificationTest"/>
</testsuite> <!-- com.telematics.webclient.tests.WebclientAssetDetailsVerificationTest -->
