<?xml version="1.0" encoding="UTF-8"?>
<!-- Generated by org.testng.reporters.JUnitReportReporter -->
<testsuite hostname="J68T5Z1" name="com.telematics.tests.JourneyPanelTest" tests="2" failures="0" timestamp="9 Jan 2017 07:05:14 GMT" time="328.703" errors="0">
  <testcase name="launchBrowserAndLoginToTelematics" time="22.607" classname="com.telematics.tests.JourneyPanelTest"/>
  <testcase name="verifyJourneyPlaybackFunctionality" time="306.096" classname="com.telematics.tests.JourneyPanelTest"/>
</testsuite> <!-- com.telematics.tests.JourneyPanelTest -->
